#
# A fatal error has been detected by the Java Runtime Environment:
#
#  EXCEPTION_ACCESS_VIOLATION (0xc0000005) at pc=0x000000006aaf28cf, pid=4868, tid=1724
#
# JRE version: 7.0_03-b05
# Java VM: Java HotSpot(TM) 64-Bit Server VM (22.1-b02 mixed mode windows-amd64 compressed oops)
# Problematic frame:
# V  [jvm.dll+0x3e28cf]
#
# Failed to write core dump. Minidumps are not enabled by default on client versions of Windows
#
# If you would like to submit a bug report, please visit:
#   http://bugreport.sun.com/bugreport/crash.jsp
#

---------------  T H R E A D  ---------------

Current thread (0x0000000005e45000):  JavaThread "C2 CompilerThread1" daemon [_thread_in_native, id=1724, stack(0x00000000070e0000,0x00000000071e0000)]

siginfo: ExceptionCode=0xc0000005, reading address 0x0000000000000008

Registers:
RAX=0x0000000000000000, RBX=0x00000000071dcc00, RCX=0x0000000008e466e0, RDX=0x0000000000000000
RSP=0x00000000071dbdb0, RBP=0x00000000071dbf60, RSI=0x00000000082133b8, RDI=0x0000000000000000
R8 =0x0000000007eee860, R9 =0x0000000000002000, R10=0x0000000007a7b5b0, R11=0x0000000000000000
R12=0x00000000080fe540, R13=0x0000000007bebf98, R14=0x00000000071dbe80, R15=0x00000000071dbea0
RIP=0x000000006aaf28cf, EFLAGS=0x0000000000010202

Top of Stack: (sp=0x00000000071dbdb0)
0x00000000071dbdb0:   00000000071dcc00 00000000080fe540
0x00000000071dbdc0:   0000000005e978e0 0000000000000000
0x00000000071dbdd0:   00000000080fe540 0000000000000002
0x00000000071dbde0:   0000000007bf2ef8 000000006aaf3389
0x00000000071dbdf0:   00000000071dbf60 00000000000001a0
0x00000000071dbe00:   00000000071dbee8 00000000071dbf60
0x00000000071dbe10:   0000000000000020 00000000077e0380
0x00000000071dbe20:   0000000000000000 000000000000c020
0x00000000071dbe30:   00000000078621f0 00000000071dbf60
0x00000000071dbe40:   0000000005e29560 0000000000000002
0x00000000071dbe50:   00000000071dcc00 000000006aaf54f7
0x00000000071dbe60:   00000000071dcc00 0000000000000001
0x00000000071dbe70:   0000000000000002 00000000071dbee8
0x00000000071dbe80:   0000000005e29560 0000000000000200
0x00000000071dbe90:   0000000008a57dc0 00000000000001a1
0x00000000071dbea0:   000000006ac54508 0000000005e29560 

Instructions: (pc=0x000000006aaf28cf)
0x000000006aaf28af:   48 3b f0 0f 84 87 01 00 00 44 8b 4b 28 0f 1f 40
0x000000006aaf28bf:   00 41 8b 53 28 4c 8b 83 e0 09 00 00 4d 8b 1c d0
0x000000006aaf28cf:   49 8b 43 08 48 39 38 75 2d 0f 1f 84 00 00 00 00
0x000000006aaf28df:   00 41 8b 43 28 41 3b c1 73 0c 8b c8 48 8b 43 30 


Register to memory mapping:

RAX=0x0000000000000000 is an unknown value
RBX=0x00000000071dcc00 is pointing into the stack for thread: 0x0000000005e45000
RCX=0x0000000008e466e0 is an unknown value
RDX=0x0000000000000000 is an unknown value
RSP=0x00000000071dbdb0 is pointing into the stack for thread: 0x0000000005e45000
RBP=0x00000000071dbf60 is pointing into the stack for thread: 0x0000000005e45000
RSI=0x00000000082133b8 is an unknown value
RDI=0x0000000000000000 is an unknown value
R8 =0x0000000007eee860 is an unknown value
R9 =0x0000000000002000 is an unknown value
R10=0x0000000007a7b5b0 is an unknown value
R11=0x0000000000000000 is an unknown value
R12=0x00000000080fe540 is an unknown value
R13=0x0000000007bebf98 is an unknown value
R14=0x00000000071dbe80 is pointing into the stack for thread: 0x0000000005e45000
R15=0x00000000071dbea0 is pointing into the stack for thread: 0x0000000005e45000


Stack: [0x00000000070e0000,0x00000000071e0000],  sp=0x00000000071dbdb0,  free space=1007k
Native frames: (J=compiled Java code, j=interpreted, Vv=VM code, C=native code)
V  [jvm.dll+0x3e28cf]


Current CompileTask:
C2:2419206 1105             jregex.Pretokenizer::next (1064 bytes)


---------------  P R O C E S S  ---------------

Java Threads: ( => current thread )
  0x0000000007b98800 JavaThread "net.sf.ehcache.CacheManager@34f2ea0f" daemon [_thread_blocked, id=1196, stack(0x00000000099b0000,0x0000000009ab0000)]
  0x0000000007b9a000 JavaThread "New I/O server worker #1-4" [_thread_in_native, id=3696, stack(0x000000000a1d0000,0x000000000a2d0000)]
  0x0000000007b98000 JavaThread "New I/O server worker #1-1" [_thread_in_native, id=1412, stack(0x0000000009eb0000,0x0000000009fb0000)]
  0x0000000007b96800 JavaThread "New I/O server worker #1-2" [_thread_in_native, id=5084, stack(0x00000000098b0000,0x00000000099b0000)]
  0x000000000840b000 JavaThread "com.mchange.v2.async.ThreadPoolAsynchronousRunner$PoolThread-#2" daemon [_thread_blocked, id=1640, stack(0x0000000009db0000,0x0000000009eb0000)]
  0x000000000890a000 JavaThread "com.mchange.v2.async.ThreadPoolAsynchronousRunner$PoolThread-#1" daemon [_thread_blocked, id=2188, stack(0x0000000009730000,0x0000000009830000)]
  0x0000000008fd4800 JavaThread "com.mchange.v2.async.ThreadPoolAsynchronousRunner$PoolThread-#0" daemon [_thread_blocked, id=2012, stack(0x0000000009c10000,0x0000000009d10000)]
  0x0000000007791000 JavaThread "Timer-0" daemon [_thread_blocked, id=4192, stack(0x0000000009ae0000,0x0000000009be0000)]
  0x0000000007eee000 JavaThread "play-thread-1" [_thread_in_native, id=3392, stack(0x0000000006eb0000,0x0000000006fb0000)]
  0x000000000222e000 JavaThread "DestroyJavaVM" [_thread_blocked, id=4564, stack(0x0000000002410000,0x0000000002510000)]
  0x0000000007e28800 JavaThread "New I/O server boss #1 ([id: 0x3f21572b, /0:0:0:0:0:0:0:0:9000])" [_thread_in_native, id=3960, stack(0x00000000092a0000,0x00000000093a0000)]
  0x0000000005e50000 JavaThread "Service Thread" daemon [_thread_blocked, id=1076, stack(0x0000000007350000,0x0000000007450000)]
=>0x0000000005e45000 JavaThread "C2 CompilerThread1" daemon [_thread_in_native, id=1724, stack(0x00000000070e0000,0x00000000071e0000)]
  0x0000000005e44000 JavaThread "C2 CompilerThread0" daemon [_thread_blocked, id=4680, stack(0x0000000006fe0000,0x00000000070e0000)]
  0x0000000005e35000 JavaThread "JDWP Event Helper Thread" daemon [_thread_blocked, id=412, stack(0x0000000006d80000,0x0000000006e80000)]
  0x0000000005e2f800 JavaThread "JDWP Transport Listener: dt_socket" daemon [_thread_in_native, id=2204, stack(0x00000000063c0000,0x00000000064c0000)]
  0x0000000005e01800 JavaThread "Attach Listener" daemon [_thread_blocked, id=4620, stack(0x0000000006940000,0x0000000006a40000)]
  0x0000000005e00000 JavaThread "Signal Dispatcher" daemon [_thread_blocked, id=2868, stack(0x00000000067f0000,0x00000000068f0000)]
  0x0000000005d7c000 JavaThread "Finalizer" daemon [_thread_blocked, id=4328, stack(0x0000000006630000,0x0000000006730000)]
  0x0000000005d71000 JavaThread "Reference Handler" daemon [_thread_blocked, id=5112, stack(0x0000000006510000,0x0000000006610000)]

Other Threads:
  0x0000000005d69000 VMThread [stack: 0x0000000006220000,0x0000000006320000] [id=3432]
  0x0000000005e5c000 WatcherThread [stack: 0x0000000007550000,0x0000000007650000] [id=4644]

VM state:not at safepoint (normal execution)

VM Mutex/Monitor currently owned by a thread: None

Heap
 PSYoungGen      total 241408K, used 82005K [0x00000000eae00000, 0x00000000fbb70000, 0x0000000100000000)
  eden space 235200K, 32% used [0x00000000eae00000,0x00000000ef808ee8,0x00000000f93b0000)
  from space 6208K, 99% used [0x00000000fb560000,0x00000000fbb6c810,0x00000000fbb70000)
  to   space 15488K, 0% used [0x00000000f9d30000,0x00000000f9d30000,0x00000000fac50000)
 PSOldGen        total 43264K, used 33457K [0x00000000c0a00000, 0x00000000c3440000, 0x00000000eae00000)
  object space 43264K, 77% used [0x00000000c0a00000,0x00000000c2aac4b0,0x00000000c3440000)
 PSPermGen       total 44672K, used 44660K [0x00000000bb800000, 0x00000000be3a0000, 0x00000000c0a00000)
  object space 44672K, 99% used [0x00000000bb800000,0x00000000be39d180,0x00000000be3a0000)

Code Cache  [0x0000000002610000, 0x0000000002ba0000, 0x0000000005610000)
 total_blobs=1758 nmethods=1066 adapters=651 free_code_cache=43556Kb largest_free_block=44508736

Dynamic libraries:
0x000000013f360000 - 0x000000013f393000 	C:\Program Files\Java\jre7\bin\java.exe
0x0000000077740000 - 0x00000000778e9000 	C:\Windows\SYSTEM32\ntdll.dll
0x0000000077620000 - 0x000000007773f000 	C:\Windows\system32\kernel32.dll
0x000007fefcc10000 - 0x000007fefcc7c000 	C:\Windows\system32\KERNELBASE.dll
0x000007fefd990000 - 0x000007fefda6b000 	C:\Windows\system32\ADVAPI32.dll
0x000007fefda90000 - 0x000007fefdb2f000 	C:\Windows\system32\msvcrt.dll
0x000007fefde90000 - 0x000007fefdeaf000 	C:\Windows\SYSTEM32\sechost.dll
0x000007fefceb0000 - 0x000007fefcfdd000 	C:\Windows\system32\RPCRT4.dll
0x0000000077520000 - 0x000000007761a000 	C:\Windows\system32\USER32.dll
0x000007fefed00000 - 0x000007fefed67000 	C:\Windows\system32\GDI32.dll
0x000007fefddb0000 - 0x000007fefddbe000 	C:\Windows\system32\LPK.dll
0x000007fefddc0000 - 0x000007fefde89000 	C:\Windows\system32\USP10.dll
0x000007fefb320000 - 0x000007fefb514000 	C:\Windows\WinSxS\amd64_microsoft.windows.common-controls_6595b64144ccf1df_6.0.7601.17514_none_fa396087175ac9ac\COMCTL32.dll
0x000007fefedc0000 - 0x000007fefee31000 	C:\Windows\system32\SHLWAPI.dll
0x000007fefdeb0000 - 0x000007fefdede000 	C:\Windows\system32\IMM32.DLL
0x000007fefd670000 - 0x000007fefd779000 	C:\Windows\system32\MSCTF.dll
0x000000006bf40000 - 0x000000006c011000 	C:\Program Files\Java\jre7\bin\msvcr100.dll
0x000000006a710000 - 0x000000006adea000 	C:\Program Files\Java\jre7\bin\server\jvm.dll
0x000007fefa120000 - 0x000007fefa129000 	C:\Windows\system32\WSOCK32.dll
0x000007fefed70000 - 0x000007fefedbd000 	C:\Windows\system32\WS2_32.dll
0x000007fefdee0000 - 0x000007fefdee8000 	C:\Windows\system32\NSI.dll
0x000007fefb8a0000 - 0x000007fefb8db000 	C:\Windows\system32\WINMM.dll
0x0000000077910000 - 0x0000000077917000 	C:\Windows\system32\PSAPI.DLL
0x0000000070f10000 - 0x0000000070f1f000 	C:\Program Files\Java\jre7\bin\verify.dll
0x0000000070ee0000 - 0x0000000070f08000 	C:\Program Files\Java\jre7\bin\java.dll
0x0000000070e60000 - 0x0000000070e95000 	C:\Program Files\Java\jre7\bin\jdwp.dll
0x0000000070eb0000 - 0x0000000070ed3000 	C:\Program Files\Java\jre7\bin\instrument.dll
0x0000000070f40000 - 0x0000000070f48000 	C:\Program Files\Java\jre7\bin\npt.dll
0x0000000070d00000 - 0x0000000070d15000 	C:\Program Files\Java\jre7\bin\zip.dll
0x0000000070df0000 - 0x0000000070df9000 	C:\Program Files\Java\jre7\bin\dt_socket.dll
0x000007fefc310000 - 0x000007fefc365000 	C:\Windows\system32\mswsock.dll
0x000007fefbd10000 - 0x000007fefbd17000 	C:\Windows\System32\wshtcpip.dll
0x0000000070ce0000 - 0x0000000070cf9000 	C:\Program Files\Java\jre7\bin\net.dll
0x000007fefc300000 - 0x000007fefc307000 	C:\Windows\System32\wship6.dll
0x0000000070cc0000 - 0x0000000070cd1000 	C:\Program Files\Java\jre7\bin\nio.dll
0x000007fefc5d0000 - 0x000007fefc5e7000 	C:\Windows\system32\CRYPTSP.dll
0x000007fefc070000 - 0x000007fefc0b7000 	C:\Windows\system32\rsaenh.dll
0x000007fefbe30000 - 0x000007fefbe4e000 	C:\Windows\system32\USERENV.dll
0x000007fefcae0000 - 0x000007fefcaef000 	C:\Windows\system32\profapi.dll
0x000007fefca10000 - 0x000007fefca1f000 	C:\Windows\system32\CRYPTBASE.dll
0x000007fefaf30000 - 0x000007fefaf45000 	C:\Windows\system32\NLAapi.dll
0x000007fef7d30000 - 0x000007fef7d45000 	C:\Windows\system32\napinsp.dll
0x000007fef7cf0000 - 0x000007fef7d09000 	C:\Windows\system32\pnrpnsp.dll
0x000007fef7c20000 - 0x000007fef7c30000 	C:\Windows\system32\wshbth.dll
0x000007fefc190000 - 0x000007fefc1eb000 	C:\Windows\system32\DNSAPI.dll
0x000007fef7c10000 - 0x000007fef7c1b000 	C:\Windows\System32\winrnr.dll
0x0000000072ef0000 - 0x0000000072f16000 	C:\Program Files\Bonjour\mdnsNSP.dll
0x000007fefab40000 - 0x000007fefab67000 	C:\Windows\system32\Iphlpapi.DLL
0x000007fefab30000 - 0x000007fefab3b000 	C:\Windows\system32\WINNSI.DLL
0x000007fef84a0000 - 0x000007fef84a8000 	C:\Windows\system32\rasadhlp.dll
0x000007fefa970000 - 0x000007fefa9c3000 	C:\Windows\System32\fwpuclnt.dll
0x0000000070cb0000 - 0x0000000070cbb000 	C:\Program Files\Java\jre7\bin\management.dll
0x0000000070c80000 - 0x0000000070ca4000 	C:\Program Files\Java\jre7\bin\sunec.dll

VM Arguments:
jvm_args: -javaagent:c:\play-1.2.4\framework/play-1.2.4.jar -XX:-UseSplitVerifier -Dfile.encoding=utf-8 -Xdebug -Xrunjdwp:transport=dt_socket,address=8000,server=y,suspend=n -Dplay.debug=yes -Dapplication.path=c:\play-1.2.4\GlobaFitnessClub -Dplay.id=server01 
java_command: play.server.Server 
Launcher Type: SUN_STANDARD

Environment Variables:
JAVA_HOME=C:\Program Files\Java\jre7
CLASSPATH=.;C:\Program Files (x86)\Java\jre6\lib\ext\QTJava.zip
PATH=C:\Windows\system32;C:\Windows;C:\Windows\System32\Wbem;C:\Windows\System32\WindowsPowerShell\v1.0\;C:\Program Files\TortoiseSVN\bin;C:\Program Files (x86)\QuickTime\QTSystem\;C:\Program Files\Java\jdk1.6.0_25\bin;C:\Program Files (x86)\Heroku\bin;C:\Program Files (x86)\ruby-1.9.3\bin;C:\Program Files (x86)\git\bin;C:\Program Files (x86)\git\cmd;C:\Ruby192\bin;C:\Program Files\Sqlite3
USERNAME=Sean
OS=Windows_NT
PROCESSOR_IDENTIFIER=Intel64 Family 6 Model 23 Stepping 10, GenuineIntel



---------------  S Y S T E M  ---------------

OS: Windows 7 , 64 bit Build 7601 Service Pack 1

CPU:total 2 (2 cores per cpu, 1 threads per core) family 6 model 23 stepping 10, cmov, cx8, fxsr, mmx, sse, sse2, sse3, ssse3, sse4.1

Memory: 4k page, physical 4152176k(1630080k free), swap 8302500k(5505692k free)

vm_info: Java HotSpot(TM) 64-Bit Server VM (22.1-b02) for windows-amd64 JRE (1.7.0_03-b05), built on Feb  3 2012 20:43:56 by "java_re" with unknown MS VC++:1600

time: Wed Apr 25 22:22:31 2012
elapsed time: 2418 seconds

